<?xml version="1.0" encoding="UTF-8"?>
<!-- Generated by org.testng.reporters.JUnitXMLReporter -->
<testsuite hostname="Mojgans-MacBook-Pro.local" tests="19" failures="0" timestamp="9 Nov 2016 19:57:59 GMT" time="0.282" errors="0">
  <testcase name="testCos on testCos(AdvanceCalculatorTest)" time="0.03" classname="AdvanceCalculatorTest"/>
  <testcase name="testLog on testLog(AdvanceCalculatorTest)" time="0.018" classname="AdvanceCalculatorTest"/>
  <testcase name="testPow on testPow(AdvanceCalculatorTest)" time="0.02" classname="AdvanceCalculatorTest"/>
  <testcase name="testSin on testSin(AdvanceCalculatorTest)" time="0.013" classname="AdvanceCalculatorTest"/>
  <testcase name="testRoud on testRoud(AdvanceCalculatorTest)" time="0.015" classname="AdvanceCalculatorTest"/>
  <testcase name="testSqrt on testSqrt(AdvanceCalculatorTest)" time="0.003" classname="AdvanceCalculatorTest"/>
  <testcase name="testSinNegative on testSinNegative(AdvanceCalculatorTest)" time="0.008" classname="AdvanceCalculatorTest"/>
  <testcase name="testRoudNegative on testRoudNegative(AdvanceCalculatorTest)" time="0.009" classname="AdvanceCalculatorTest"/>
  <testcase name="testPowNegative on testPowNegative(AdvanceCalculatorTest)" time="0.008" classname="AdvanceCalculatorTest"/>
  <testcase name="testCosNegativ on testCosNegativ(AdvanceCalculatorTest)" time="0.006" classname="AdvanceCalculatorTest"/>
  <testcase name="testLogNegative on testLogNegative(AdvanceCalculatorTest)" time="0.006" classname="AdvanceCalculatorTest"/>
  <testcase name="testAdd on testAdd(CalculatorTest)" time="0.006" classname="CalculatorTest"/>
  <testcase name="testSubtract on testSubtract(CalculatorTest)" time="0.005" classname="CalculatorTest"/>
  <testcase name="testAdd2 on testAdd2(CalculatorTest)" time="0.006" classname="CalculatorTest"/>
  <testcase name="testAdd3 on testAdd3(CalculatorTest)" time="0.005" classname="CalculatorTest"/>
  <testcase name="testAdd4 on testAdd4(CalculatorTest)" time="0.006" classname="CalculatorTest"/>
  <testcase name="testDivide on testDivide(CalculatorTest)" time="0.005" classname="CalculatorTest"/>
  <testcase name="testMultiply on testMultiply(CalculatorTest)" time="0.006" classname="CalculatorTest"/>
  <testcase name="testDivideZero on testDivideZero(CalculatorTest)" time="0.006" classname="CalculatorTest"/>
</testsuite>
