<?xml version="1.0" encoding="UTF-8"?>
<testsuite name="TestSuite" time="0.171" tests="19" errors="0" skipped="0" failures="0">
  <properties>
[...]
</properties>
  <testcase name="testCos on testCos(AdvanceCalculatorTest)" classname="AdvanceCalculatorTest" time="0.03"/>
  <testcase name="testLog on testLog(AdvanceCalculatorTest)" classname="AdvanceCalculatorTest" time="0.018"/>
  <testcase name="testPow on testPow(AdvanceCalculatorTest)" classname="AdvanceCalculatorTest" time="0.014"/>
  <testcase name="testSin on testSin(AdvanceCalculatorTest)" classname="AdvanceCalculatorTest" time="0.011"/>
  <testcase name="testRoud on testRoud(AdvanceCalculatorTest)" classname="AdvanceCalculatorTest" time="0.016"/>
  <testcase name="testSqrt on testSqrt(AdvanceCalculatorTest)" classname="AdvanceCalculatorTest" time="0.002"/>
  <testcase name="testSinNegative on testSinNegative(AdvanceCalculatorTest)" classname="AdvanceCalculatorTest" time="0.007"/>
  <testcase name="testRoudNegative on testRoudNegative(AdvanceCalculatorTest)" classname="AdvanceCalculatorTest" time="0.007"/>
  <testcase name="testPowNegative on testPowNegative(AdvanceCalculatorTest)" classname="AdvanceCalculatorTest" time="0.011"/>
  <testcase name="testCosNegativ on testCosNegativ(AdvanceCalculatorTest)" classname="AdvanceCalculatorTest" time="0.006"/>
  <testcase name="testLogNegative on testLogNegative(AdvanceCalculatorTest)" classname="AdvanceCalculatorTest" time="0.006"/>
  <testcase name="testAdd on testAdd(CalculatorTest)" classname="CalculatorTest" time="0.007"/>
  <testcase name="testSubtract on testSubtract(CalculatorTest)" classname="CalculatorTest" time="0.005"/>
  <testcase name="testAdd2 on testAdd2(CalculatorTest)" classname="CalculatorTest" time="0.005"/>
  <testcase name="testAdd3 on testAdd3(CalculatorTest)" classname="CalculatorTest" time="0.005"/>
  <testcase name="testAdd4 on testAdd4(CalculatorTest)" classname="CalculatorTest" time="0.005"/>
  <testcase name="testDivide on testDivide(CalculatorTest)" classname="CalculatorTest" time="0.007"/>
  <testcase name="testMultiply on testMultiply(CalculatorTest)" classname="CalculatorTest" time="0.004"/>
  <testcase name="testDivideZero on testDivideZero(CalculatorTest)" classname="CalculatorTest" time="0.005"/>
</testsuite>